2012-10-07 00:49:24 Debug: Notice (8): Undefined index:  before in [C:\AppServ\www\newneu\lib\Cake\View\Helper\FormHelper.php, line 1080]
Trace:
FormHelper::input() - CORE\Cake\View\Helper\FormHelper.php, line 1080
include - APP\View\Organizations\add.ctp, line 6
View::_evaluate() - CORE\Cake\View\View.php, line 920
View::_render() - CORE\Cake\View\View.php, line 883
View::render() - CORE\Cake\View\View.php, line 475
Controller::render() - CORE\Cake\Controller\Controller.php, line 957
Dispatcher::_invoke() - CORE\Cake\Routing\Dispatcher.php, line 193
Dispatcher::dispatch() - CORE\Cake\Routing\Dispatcher.php, line 161
[main] - APP\webroot\index.php, line 92

2012-10-07 00:49:24 Debug: Notice (8): Undefined index:  between in [C:\AppServ\www\newneu\lib\Cake\View\Helper\FormHelper.php, line 1080]
Trace:
FormHelper::input() - CORE\Cake\View\Helper\FormHelper.php, line 1080
include - APP\View\Organizations\add.ctp, line 6
View::_evaluate() - CORE\Cake\View\View.php, line 920
View::_render() - CORE\Cake\View\View.php, line 883
View::render() - CORE\Cake\View\View.php, line 475
Controller::render() - CORE\Cake\Controller\Controller.php, line 957
Dispatcher::_invoke() - CORE\Cake\Routing\Dispatcher.php, line 193
Dispatcher::dispatch() - CORE\Cake\Routing\Dispatcher.php, line 161
[main] - APP\webroot\index.php, line 92

2012-10-07 00:49:24 Debug: Notice (8): Undefined index:  after in [C:\AppServ\www\newneu\lib\Cake\View\Helper\FormHelper.php, line 1080]
Trace:
FormHelper::input() - CORE\Cake\View\Helper\FormHelper.php, line 1080
include - APP\View\Organizations\add.ctp, line 6
View::_evaluate() - CORE\Cake\View\View.php, line 920
View::_render() - CORE\Cake\View\View.php, line 883
View::render() - CORE\Cake\View\View.php, line 475
Controller::render() - CORE\Cake\Controller\Controller.php, line 957
Dispatcher::_invoke() - CORE\Cake\Routing\Dispatcher.php, line 193
Dispatcher::dispatch() - CORE\Cake\Routing\Dispatcher.php, line 161
[main] - APP\webroot\index.php, line 92

2012-10-07 00:49:24 Debug: Notice (8): Undefined index:  format in [C:\AppServ\www\newneu\lib\Cake\View\Helper\FormHelper.php, line 1083]
Trace:
FormHelper::input() - CORE\Cake\View\Helper\FormHelper.php, line 1083
include - APP\View\Organizations\add.ctp, line 6
View::_evaluate() - CORE\Cake\View\View.php, line 920
View::_render() - CORE\Cake\View\View.php, line 883
View::render() - CORE\Cake\View\View.php, line 475
Controller::render() - CORE\Cake\Controller\Controller.php, line 957
Dispatcher::_invoke() - CORE\Cake\Routing\Dispatcher.php, line 193
Dispatcher::dispatch() - CORE\Cake\Routing\Dispatcher.php, line 161
[main] - APP\webroot\index.php, line 92

2012-10-07 00:49:24 Debug: Notice (8): Undefined index:  before in [C:\AppServ\www\newneu\lib\Cake\View\Helper\FormHelper.php, line 1080]
Trace:
FormHelper::input() - CORE\Cake\View\Helper\FormHelper.php, line 1080
include - APP\View\Organizations\add.ctp, line 7
View::_evaluate() - CORE\Cake\View\View.php, line 920
View::_render() - CORE\Cake\View\View.php, line 883
View::render() - CORE\Cake\View\View.php, line 475
Controller::render() - CORE\Cake\Controller\Controller.php, line 957
Dispatcher::_invoke() - CORE\Cake\Routing\Dispatcher.php, line 193
Dispatcher::dispatch() - CORE\Cake\Routing\Dispatcher.php, line 161
[main] - APP\webroot\index.php, line 92

2012-10-07 00:49:24 Debug: Notice (8): Undefined index:  between in [C:\AppServ\www\newneu\lib\Cake\View\Helper\FormHelper.php, line 1080]
Trace:
FormHelper::input() - CORE\Cake\View\Helper\FormHelper.php, line 1080
include - APP\View\Organizations\add.ctp, line 7
View::_evaluate() - CORE\Cake\View\View.php, line 920
View::_render() - CORE\Cake\View\View.php, line 883
View::render() - CORE\Cake\View\View.php, line 475
Controller::render() - CORE\Cake\Controller\Controller.php, line 957
Dispatcher::_invoke() - CORE\Cake\Routing\Dispatcher.php, line 193
Dispatcher::dispatch() - CORE\Cake\Routing\Dispatcher.php, line 161
[main] - APP\webroot\index.php, line 92

2012-10-07 00:49:24 Debug: Notice (8): Undefined index:  after in [C:\AppServ\www\newneu\lib\Cake\View\Helper\FormHelper.php, line 1080]
Trace:
FormHelper::input() - CORE\Cake\View\Helper\FormHelper.php, line 1080
include - APP\View\Organizations\add.ctp, line 7
View::_evaluate() - CORE\Cake\View\View.php, line 920
View::_render() - CORE\Cake\View\View.php, line 883
View::render() - CORE\Cake\View\View.php, line 475
Controller::render() - CORE\Cake\Controller\Controller.php, line 957
Dispatcher::_invoke() - CORE\Cake\Routing\Dispatcher.php, line 193
Dispatcher::dispatch() - CORE\Cake\Routing\Dispatcher.php, line 161
[main] - APP\webroot\index.php, line 92

2012-10-07 00:49:24 Debug: Notice (8): Undefined index:  format in [C:\AppServ\www\newneu\lib\Cake\View\Helper\FormHelper.php, line 1083]
Trace:
FormHelper::input() - CORE\Cake\View\Helper\FormHelper.php, line 1083
include - APP\View\Organizations\add.ctp, line 7
View::_evaluate() - CORE\Cake\View\View.php, line 920
View::_render() - CORE\Cake\View\View.php, line 883
View::render() - CORE\Cake\View\View.php, line 475
Controller::render() - CORE\Cake\Controller\Controller.php, line 957
Dispatcher::_invoke() - CORE\Cake\Routing\Dispatcher.php, line 193
Dispatcher::dispatch() - CORE\Cake\Routing\Dispatcher.php, line 161
[main] - APP\webroot\index.php, line 92

2012-10-07 00:51:18 Debug: Notice (8): Undefined index:  before in [C:\AppServ\www\newneu\lib\Cake\View\Helper\FormHelper.php, line 1080]
Trace:
FormHelper::input() - CORE\Cake\View\Helper\FormHelper.php, line 1080
include - APP\View\Organizations\add.ctp, line 7
View::_evaluate() - CORE\Cake\View\View.php, line 920
View::_render() - CORE\Cake\View\View.php, line 883
View::render() - CORE\Cake\View\View.php, line 475
Controller::render() - CORE\Cake\Controller\Controller.php, line 957
Dispatcher::_invoke() - CORE\Cake\Routing\Dispatcher.php, line 193
Dispatcher::dispatch() - CORE\Cake\Routing\Dispatcher.php, line 161
[main] - APP\webroot\index.php, line 92

2012-10-07 00:51:18 Debug: Notice (8): Undefined index:  between in [C:\AppServ\www\newneu\lib\Cake\View\Helper\FormHelper.php, line 1080]
Trace:
FormHelper::input() - CORE\Cake\View\Helper\FormHelper.php, line 1080
include - APP\View\Organizations\add.ctp, line 7
View::_evaluate() - CORE\Cake\View\View.php, line 920
View::_render() - CORE\Cake\View\View.php, line 883
View::render() - CORE\Cake\View\View.php, line 475
Controller::render() - CORE\Cake\Controller\Controller.php, line 957
Dispatcher::_invoke() - CORE\Cake\Routing\Dispatcher.php, line 193
Dispatcher::dispatch() - CORE\Cake\Routing\Dispatcher.php, line 161
[main] - APP\webroot\index.php, line 92

2012-10-07 00:51:18 Debug: Notice (8): Undefined index:  after in [C:\AppServ\www\newneu\lib\Cake\View\Helper\FormHelper.php, line 1080]
Trace:
FormHelper::input() - CORE\Cake\View\Helper\FormHelper.php, line 1080
include - APP\View\Organizations\add.ctp, line 7
View::_evaluate() - CORE\Cake\View\View.php, line 920
View::_render() - CORE\Cake\View\View.php, line 883
View::render() - CORE\Cake\View\View.php, line 475
Controller::render() - CORE\Cake\Controller\Controller.php, line 957
Dispatcher::_invoke() - CORE\Cake\Routing\Dispatcher.php, line 193
Dispatcher::dispatch() - CORE\Cake\Routing\Dispatcher.php, line 161
[main] - APP\webroot\index.php, line 92

2012-10-07 00:51:18 Debug: Notice (8): Undefined index:  format in [C:\AppServ\www\newneu\lib\Cake\View\Helper\FormHelper.php, line 1083]
Trace:
FormHelper::input() - CORE\Cake\View\Helper\FormHelper.php, line 1083
include - APP\View\Organizations\add.ctp, line 7
View::_evaluate() - CORE\Cake\View\View.php, line 920
View::_render() - CORE\Cake\View\View.php, line 883
View::render() - CORE\Cake\View\View.php, line 475
Controller::render() - CORE\Cake\Controller\Controller.php, line 957
Dispatcher::_invoke() - CORE\Cake\Routing\Dispatcher.php, line 193
Dispatcher::dispatch() - CORE\Cake\Routing\Dispatcher.php, line 161
[main] - APP\webroot\index.php, line 92

2012-10-07 01:44:54 Debug: Notice (8): Undefined index:  before in [C:\AppServ\www\newneu\lib\Cake\View\Helper\FormHelper.php, line 1080]
Trace:
FormHelper::input() - CORE\Cake\View\Helper\FormHelper.php, line 1080
include - APP\View\Organizations\edit.ctp, line 7
View::_evaluate() - CORE\Cake\View\View.php, line 920
View::_render() - CORE\Cake\View\View.php, line 883
View::render() - CORE\Cake\View\View.php, line 475
Controller::render() - CORE\Cake\Controller\Controller.php, line 957
Dispatcher::_invoke() - CORE\Cake\Routing\Dispatcher.php, line 193
Dispatcher::dispatch() - CORE\Cake\Routing\Dispatcher.php, line 161
[main] - APP\webroot\index.php, line 92

2012-10-07 01:44:54 Debug: Notice (8): Undefined index:  between in [C:\AppServ\www\newneu\lib\Cake\View\Helper\FormHelper.php, line 1080]
Trace:
FormHelper::input() - CORE\Cake\View\Helper\FormHelper.php, line 1080
include - APP\View\Organizations\edit.ctp, line 7
View::_evaluate() - CORE\Cake\View\View.php, line 920
View::_render() - CORE\Cake\View\View.php, line 883
View::render() - CORE\Cake\View\View.php, line 475
Controller::render() - CORE\Cake\Controller\Controller.php, line 957
Dispatcher::_invoke() - CORE\Cake\Routing\Dispatcher.php, line 193
Dispatcher::dispatch() - CORE\Cake\Routing\Dispatcher.php, line 161
[main] - APP\webroot\index.php, line 92

2012-10-07 01:44:54 Debug: Notice (8): Undefined index:  after in [C:\AppServ\www\newneu\lib\Cake\View\Helper\FormHelper.php, line 1080]
Trace:
FormHelper::input() - CORE\Cake\View\Helper\FormHelper.php, line 1080
include - APP\View\Organizations\edit.ctp, line 7
View::_evaluate() - CORE\Cake\View\View.php, line 920
View::_render() - CORE\Cake\View\View.php, line 883
View::render() - CORE\Cake\View\View.php, line 475
Controller::render() - CORE\Cake\Controller\Controller.php, line 957
Dispatcher::_invoke() - CORE\Cake\Routing\Dispatcher.php, line 193
Dispatcher::dispatch() - CORE\Cake\Routing\Dispatcher.php, line 161
[main] - APP\webroot\index.php, line 92

2012-10-07 01:44:54 Debug: Notice (8): Undefined index:  format in [C:\AppServ\www\newneu\lib\Cake\View\Helper\FormHelper.php, line 1083]
Trace:
FormHelper::input() - CORE\Cake\View\Helper\FormHelper.php, line 1083
include - APP\View\Organizations\edit.ctp, line 7
View::_evaluate() - CORE\Cake\View\View.php, line 920
View::_render() - CORE\Cake\View\View.php, line 883
View::render() - CORE\Cake\View\View.php, line 475
Controller::render() - CORE\Cake\Controller\Controller.php, line 957
Dispatcher::_invoke() - CORE\Cake\Routing\Dispatcher.php, line 193
Dispatcher::dispatch() - CORE\Cake\Routing\Dispatcher.php, line 161
[main] - APP\webroot\index.php, line 92

2012-10-07 01:44:54 Debug: Notice (8): Undefined index:  before in [C:\AppServ\www\newneu\lib\Cake\View\Helper\FormHelper.php, line 1080]
Trace:
FormHelper::input() - CORE\Cake\View\Helper\FormHelper.php, line 1080
include - APP\View\Organizations\edit.ctp, line 8
View::_evaluate() - CORE\Cake\View\View.php, line 920
View::_render() - CORE\Cake\View\View.php, line 883
View::render() - CORE\Cake\View\View.php, line 475
Controller::render() - CORE\Cake\Controller\Controller.php, line 957
Dispatcher::_invoke() - CORE\Cake\Routing\Dispatcher.php, line 193
Dispatcher::dispatch() - CORE\Cake\Routing\Dispatcher.php, line 161
[main] - APP\webroot\index.php, line 92

2012-10-07 01:44:54 Debug: Notice (8): Undefined index:  between in [C:\AppServ\www\newneu\lib\Cake\View\Helper\FormHelper.php, line 1080]
Trace:
FormHelper::input() - CORE\Cake\View\Helper\FormHelper.php, line 1080
include - APP\View\Organizations\edit.ctp, line 8
View::_evaluate() - CORE\Cake\View\View.php, line 920
View::_render() - CORE\Cake\View\View.php, line 883
View::render() - CORE\Cake\View\View.php, line 475
Controller::render() - CORE\Cake\Controller\Controller.php, line 957
Dispatcher::_invoke() - CORE\Cake\Routing\Dispatcher.php, line 193
Dispatcher::dispatch() - CORE\Cake\Routing\Dispatcher.php, line 161
[main] - APP\webroot\index.php, line 92

2012-10-07 01:44:54 Debug: Notice (8): Undefined index:  after in [C:\AppServ\www\newneu\lib\Cake\View\Helper\FormHelper.php, line 1080]
Trace:
FormHelper::input() - CORE\Cake\View\Helper\FormHelper.php, line 1080
include - APP\View\Organizations\edit.ctp, line 8
View::_evaluate() - CORE\Cake\View\View.php, line 920
View::_render() - CORE\Cake\View\View.php, line 883
View::render() - CORE\Cake\View\View.php, line 475
Controller::render() - CORE\Cake\Controller\Controller.php, line 957
Dispatcher::_invoke() - CORE\Cake\Routing\Dispatcher.php, line 193
Dispatcher::dispatch() - CORE\Cake\Routing\Dispatcher.php, line 161
[main] - APP\webroot\index.php, line 92

2012-10-07 01:44:54 Debug: Notice (8): Undefined index:  format in [C:\AppServ\www\newneu\lib\Cake\View\Helper\FormHelper.php, line 1083]
Trace:
FormHelper::input() - CORE\Cake\View\Helper\FormHelper.php, line 1083
include - APP\View\Organizations\edit.ctp, line 8
View::_evaluate() - CORE\Cake\View\View.php, line 920
View::_render() - CORE\Cake\View\View.php, line 883
View::render() - CORE\Cake\View\View.php, line 475
Controller::render() - CORE\Cake\Controller\Controller.php, line 957
Dispatcher::_invoke() - CORE\Cake\Routing\Dispatcher.php, line 193
Dispatcher::dispatch() - CORE\Cake\Routing\Dispatcher.php, line 161
[main] - APP\webroot\index.php, line 92

2012-10-07 01:44:57 Debug: Notice (8): Undefined index:  before in [C:\AppServ\www\newneu\lib\Cake\View\Helper\FormHelper.php, line 1080]
Trace:
FormHelper::input() - CORE\Cake\View\Helper\FormHelper.php, line 1080
include - APP\View\Organizations\edit.ctp, line 7
View::_evaluate() - CORE\Cake\View\View.php, line 920
View::_render() - CORE\Cake\View\View.php, line 883
View::render() - CORE\Cake\View\View.php, line 475
Controller::render() - CORE\Cake\Controller\Controller.php, line 957
Dispatcher::_invoke() - CORE\Cake\Routing\Dispatcher.php, line 193
Dispatcher::dispatch() - CORE\Cake\Routing\Dispatcher.php, line 161
[main] - APP\webroot\index.php, line 92

2012-10-07 01:44:57 Debug: Notice (8): Undefined index:  between in [C:\AppServ\www\newneu\lib\Cake\View\Helper\FormHelper.php, line 1080]
Trace:
FormHelper::input() - CORE\Cake\View\Helper\FormHelper.php, line 1080
include - APP\View\Organizations\edit.ctp, line 7
View::_evaluate() - CORE\Cake\View\View.php, line 920
View::_render() - CORE\Cake\View\View.php, line 883
View::render() - CORE\Cake\View\View.php, line 475
Controller::render() - CORE\Cake\Controller\Controller.php, line 957
Dispatcher::_invoke() - CORE\Cake\Routing\Dispatcher.php, line 193
Dispatcher::dispatch() - CORE\Cake\Routing\Dispatcher.php, line 161
[main] - APP\webroot\index.php, line 92

2012-10-07 01:44:57 Debug: Notice (8): Undefined index:  after in [C:\AppServ\www\newneu\lib\Cake\View\Helper\FormHelper.php, line 1080]
Trace:
FormHelper::input() - CORE\Cake\View\Helper\FormHelper.php, line 1080
include - APP\View\Organizations\edit.ctp, line 7
View::_evaluate() - CORE\Cake\View\View.php, line 920
View::_render() - CORE\Cake\View\View.php, line 883
View::render() - CORE\Cake\View\View.php, line 475
Controller::render() - CORE\Cake\Controller\Controller.php, line 957
Dispatcher::_invoke() - CORE\Cake\Routing\Dispatcher.php, line 193
Dispatcher::dispatch() - CORE\Cake\Routing\Dispatcher.php, line 161
[main] - APP\webroot\index.php, line 92

2012-10-07 01:44:57 Debug: Notice (8): Undefined index:  format in [C:\AppServ\www\newneu\lib\Cake\View\Helper\FormHelper.php, line 1083]
Trace:
FormHelper::input() - CORE\Cake\View\Helper\FormHelper.php, line 1083
include - APP\View\Organizations\edit.ctp, line 7
View::_evaluate() - CORE\Cake\View\View.php, line 920
View::_render() - CORE\Cake\View\View.php, line 883
View::render() - CORE\Cake\View\View.php, line 475
Controller::render() - CORE\Cake\Controller\Controller.php, line 957
Dispatcher::_invoke() - CORE\Cake\Routing\Dispatcher.php, line 193
Dispatcher::dispatch() - CORE\Cake\Routing\Dispatcher.php, line 161
[main] - APP\webroot\index.php, line 92

2012-10-07 01:44:57 Debug: Notice (8): Undefined index:  before in [C:\AppServ\www\newneu\lib\Cake\View\Helper\FormHelper.php, line 1080]
Trace:
FormHelper::input() - CORE\Cake\View\Helper\FormHelper.php, line 1080
include - APP\View\Organizations\edit.ctp, line 8
View::_evaluate() - CORE\Cake\View\View.php, line 920
View::_render() - CORE\Cake\View\View.php, line 883
View::render() - CORE\Cake\View\View.php, line 475
Controller::render() - CORE\Cake\Controller\Controller.php, line 957
Dispatcher::_invoke() - CORE\Cake\Routing\Dispatcher.php, line 193
Dispatcher::dispatch() - CORE\Cake\Routing\Dispatcher.php, line 161
[main] - APP\webroot\index.php, line 92

2012-10-07 01:44:57 Debug: Notice (8): Undefined index:  between in [C:\AppServ\www\newneu\lib\Cake\View\Helper\FormHelper.php, line 1080]
Trace:
FormHelper::input() - CORE\Cake\View\Helper\FormHelper.php, line 1080
include - APP\View\Organizations\edit.ctp, line 8
View::_evaluate() - CORE\Cake\View\View.php, line 920
View::_render() - CORE\Cake\View\View.php, line 883
View::render() - CORE\Cake\View\View.php, line 475
Controller::render() - CORE\Cake\Controller\Controller.php, line 957
Dispatcher::_invoke() - CORE\Cake\Routing\Dispatcher.php, line 193
Dispatcher::dispatch() - CORE\Cake\Routing\Dispatcher.php, line 161
[main] - APP\webroot\index.php, line 92

2012-10-07 01:44:57 Debug: Notice (8): Undefined index:  after in [C:\AppServ\www\newneu\lib\Cake\View\Helper\FormHelper.php, line 1080]
Trace:
FormHelper::input() - CORE\Cake\View\Helper\FormHelper.php, line 1080
include - APP\View\Organizations\edit.ctp, line 8
View::_evaluate() - CORE\Cake\View\View.php, line 920
View::_render() - CORE\Cake\View\View.php, line 883
View::render() - CORE\Cake\View\View.php, line 475
Controller::render() - CORE\Cake\Controller\Controller.php, line 957
Dispatcher::_invoke() - CORE\Cake\Routing\Dispatcher.php, line 193
Dispatcher::dispatch() - CORE\Cake\Routing\Dispatcher.php, line 161
[main] - APP\webroot\index.php, line 92

2012-10-07 01:44:57 Debug: Notice (8): Undefined index:  format in [C:\AppServ\www\newneu\lib\Cake\View\Helper\FormHelper.php, line 1083]
Trace:
FormHelper::input() - CORE\Cake\View\Helper\FormHelper.php, line 1083
include - APP\View\Organizations\edit.ctp, line 8
View::_evaluate() - CORE\Cake\View\View.php, line 920
View::_render() - CORE\Cake\View\View.php, line 883
View::render() - CORE\Cake\View\View.php, line 475
Controller::render() - CORE\Cake\Controller\Controller.php, line 957
Dispatcher::_invoke() - CORE\Cake\Routing\Dispatcher.php, line 193
Dispatcher::dispatch() - CORE\Cake\Routing\Dispatcher.php, line 161
[main] - APP\webroot\index.php, line 92

2012-10-07 01:45:00 Debug: Notice (8): Undefined index:  before in [C:\AppServ\www\newneu\lib\Cake\View\Helper\FormHelper.php, line 1080]
Trace:
FormHelper::input() - CORE\Cake\View\Helper\FormHelper.php, line 1080
include - APP\View\Organizations\edit.ctp, line 7
View::_evaluate() - CORE\Cake\View\View.php, line 920
View::_render() - CORE\Cake\View\View.php, line 883
View::render() - CORE\Cake\View\View.php, line 475
Controller::render() - CORE\Cake\Controller\Controller.php, line 957
Dispatcher::_invoke() - CORE\Cake\Routing\Dispatcher.php, line 193
Dispatcher::dispatch() - CORE\Cake\Routing\Dispatcher.php, line 161
[main] - APP\webroot\index.php, line 92

2012-10-07 01:45:00 Debug: Notice (8): Undefined index:  between in [C:\AppServ\www\newneu\lib\Cake\View\Helper\FormHelper.php, line 1080]
Trace:
FormHelper::input() - CORE\Cake\View\Helper\FormHelper.php, line 1080
include - APP\View\Organizations\edit.ctp, line 7
View::_evaluate() - CORE\Cake\View\View.php, line 920
View::_render() - CORE\Cake\View\View.php, line 883
View::render() - CORE\Cake\View\View.php, line 475
Controller::render() - CORE\Cake\Controller\Controller.php, line 957
Dispatcher::_invoke() - CORE\Cake\Routing\Dispatcher.php, line 193
Dispatcher::dispatch() - CORE\Cake\Routing\Dispatcher.php, line 161
[main] - APP\webroot\index.php, line 92

2012-10-07 01:45:00 Debug: Notice (8): Undefined index:  after in [C:\AppServ\www\newneu\lib\Cake\View\Helper\FormHelper.php, line 1080]
Trace:
FormHelper::input() - CORE\Cake\View\Helper\FormHelper.php, line 1080
include - APP\View\Organizations\edit.ctp, line 7
View::_evaluate() - CORE\Cake\View\View.php, line 920
View::_render() - CORE\Cake\View\View.php, line 883
View::render() - CORE\Cake\View\View.php, line 475
Controller::render() - CORE\Cake\Controller\Controller.php, line 957
Dispatcher::_invoke() - CORE\Cake\Routing\Dispatcher.php, line 193
Dispatcher::dispatch() - CORE\Cake\Routing\Dispatcher.php, line 161
[main] - APP\webroot\index.php, line 92

2012-10-07 01:45:00 Debug: Notice (8): Undefined index:  format in [C:\AppServ\www\newneu\lib\Cake\View\Helper\FormHelper.php, line 1083]
Trace:
FormHelper::input() - CORE\Cake\View\Helper\FormHelper.php, line 1083
include - APP\View\Organizations\edit.ctp, line 7
View::_evaluate() - CORE\Cake\View\View.php, line 920
View::_render() - CORE\Cake\View\View.php, line 883
View::render() - CORE\Cake\View\View.php, line 475
Controller::render() - CORE\Cake\Controller\Controller.php, line 957
Dispatcher::_invoke() - CORE\Cake\Routing\Dispatcher.php, line 193
Dispatcher::dispatch() - CORE\Cake\Routing\Dispatcher.php, line 161
[main] - APP\webroot\index.php, line 92

2012-10-07 01:45:00 Debug: Notice (8): Undefined index:  before in [C:\AppServ\www\newneu\lib\Cake\View\Helper\FormHelper.php, line 1080]
Trace:
FormHelper::input() - CORE\Cake\View\Helper\FormHelper.php, line 1080
include - APP\View\Organizations\edit.ctp, line 8
View::_evaluate() - CORE\Cake\View\View.php, line 920
View::_render() - CORE\Cake\View\View.php, line 883
View::render() - CORE\Cake\View\View.php, line 475
Controller::render() - CORE\Cake\Controller\Controller.php, line 957
Dispatcher::_invoke() - CORE\Cake\Routing\Dispatcher.php, line 193
Dispatcher::dispatch() - CORE\Cake\Routing\Dispatcher.php, line 161
[main] - APP\webroot\index.php, line 92

2012-10-07 01:45:00 Debug: Notice (8): Undefined index:  between in [C:\AppServ\www\newneu\lib\Cake\View\Helper\FormHelper.php, line 1080]
Trace:
FormHelper::input() - CORE\Cake\View\Helper\FormHelper.php, line 1080
include - APP\View\Organizations\edit.ctp, line 8
View::_evaluate() - CORE\Cake\View\View.php, line 920
View::_render() - CORE\Cake\View\View.php, line 883
View::render() - CORE\Cake\View\View.php, line 475
Controller::render() - CORE\Cake\Controller\Controller.php, line 957
Dispatcher::_invoke() - CORE\Cake\Routing\Dispatcher.php, line 193
Dispatcher::dispatch() - CORE\Cake\Routing\Dispatcher.php, line 161
[main] - APP\webroot\index.php, line 92

2012-10-07 01:45:00 Debug: Notice (8): Undefined index:  after in [C:\AppServ\www\newneu\lib\Cake\View\Helper\FormHelper.php, line 1080]
Trace:
FormHelper::input() - CORE\Cake\View\Helper\FormHelper.php, line 1080
include - APP\View\Organizations\edit.ctp, line 8
View::_evaluate() - CORE\Cake\View\View.php, line 920
View::_render() - CORE\Cake\View\View.php, line 883
View::render() - CORE\Cake\View\View.php, line 475
Controller::render() - CORE\Cake\Controller\Controller.php, line 957
Dispatcher::_invoke() - CORE\Cake\Routing\Dispatcher.php, line 193
Dispatcher::dispatch() - CORE\Cake\Routing\Dispatcher.php, line 161
[main] - APP\webroot\index.php, line 92

2012-10-07 01:45:00 Debug: Notice (8): Undefined index:  format in [C:\AppServ\www\newneu\lib\Cake\View\Helper\FormHelper.php, line 1083]
Trace:
FormHelper::input() - CORE\Cake\View\Helper\FormHelper.php, line 1083
include - APP\View\Organizations\edit.ctp, line 8
View::_evaluate() - CORE\Cake\View\View.php, line 920
View::_render() - CORE\Cake\View\View.php, line 883
View::render() - CORE\Cake\View\View.php, line 475
Controller::render() - CORE\Cake\Controller\Controller.php, line 957
Dispatcher::_invoke() - CORE\Cake\Routing\Dispatcher.php, line 193
Dispatcher::dispatch() - CORE\Cake\Routing\Dispatcher.php, line 161
[main] - APP\webroot\index.php, line 92

2012-10-07 01:45:38 Debug: Notice (8): Undefined index:  before in [C:\AppServ\www\newneu\lib\Cake\View\Helper\FormHelper.php, line 1080]
Trace:
FormHelper::input() - CORE\Cake\View\Helper\FormHelper.php, line 1080
include - APP\View\Organizations\edit.ctp, line 8
View::_evaluate() - CORE\Cake\View\View.php, line 920
View::_render() - CORE\Cake\View\View.php, line 883
View::render() - CORE\Cake\View\View.php, line 475
Controller::render() - CORE\Cake\Controller\Controller.php, line 957
Dispatcher::_invoke() - CORE\Cake\Routing\Dispatcher.php, line 193
Dispatcher::dispatch() - CORE\Cake\Routing\Dispatcher.php, line 161
[main] - APP\webroot\index.php, line 92

2012-10-07 01:45:38 Debug: Notice (8): Undefined index:  between in [C:\AppServ\www\newneu\lib\Cake\View\Helper\FormHelper.php, line 1080]
Trace:
FormHelper::input() - CORE\Cake\View\Helper\FormHelper.php, line 1080
include - APP\View\Organizations\edit.ctp, line 8
View::_evaluate() - CORE\Cake\View\View.php, line 920
View::_render() - CORE\Cake\View\View.php, line 883
View::render() - CORE\Cake\View\View.php, line 475
Controller::render() - CORE\Cake\Controller\Controller.php, line 957
Dispatcher::_invoke() - CORE\Cake\Routing\Dispatcher.php, line 193
Dispatcher::dispatch() - CORE\Cake\Routing\Dispatcher.php, line 161
[main] - APP\webroot\index.php, line 92

2012-10-07 01:45:38 Debug: Notice (8): Undefined index:  after in [C:\AppServ\www\newneu\lib\Cake\View\Helper\FormHelper.php, line 1080]
Trace:
FormHelper::input() - CORE\Cake\View\Helper\FormHelper.php, line 1080
include - APP\View\Organizations\edit.ctp, line 8
View::_evaluate() - CORE\Cake\View\View.php, line 920
View::_render() - CORE\Cake\View\View.php, line 883
View::render() - CORE\Cake\View\View.php, line 475
Controller::render() - CORE\Cake\Controller\Controller.php, line 957
Dispatcher::_invoke() - CORE\Cake\Routing\Dispatcher.php, line 193
Dispatcher::dispatch() - CORE\Cake\Routing\Dispatcher.php, line 161
[main] - APP\webroot\index.php, line 92

2012-10-07 01:45:38 Debug: Notice (8): Undefined index:  format in [C:\AppServ\www\newneu\lib\Cake\View\Helper\FormHelper.php, line 1083]
Trace:
FormHelper::input() - CORE\Cake\View\Helper\FormHelper.php, line 1083
include - APP\View\Organizations\edit.ctp, line 8
View::_evaluate() - CORE\Cake\View\View.php, line 920
View::_render() - CORE\Cake\View\View.php, line 883
View::render() - CORE\Cake\View\View.php, line 475
Controller::render() - CORE\Cake\Controller\Controller.php, line 957
Dispatcher::_invoke() - CORE\Cake\Routing\Dispatcher.php, line 193
Dispatcher::dispatch() - CORE\Cake\Routing\Dispatcher.php, line 161
[main] - APP\webroot\index.php, line 92

